mode: atomic
github.com/sniperHW/rpcgo/client.go:20.75,21.51 1 3
github.com/sniperHW/rpcgo/client.go:21.51,23.3 1 3
github.com/sniperHW/rpcgo/client.go:26.38,27.58 1 3
github.com/sniperHW/rpcgo/client.go:27.58,29.3 1 1
github.com/sniperHW/rpcgo/client.go:37.29,41.2 1 1
github.com/sniperHW/rpcgo/client.go:43.60,45.63 2 3
github.com/sniperHW/rpcgo/client.go:45.63,48.3 2 3
github.com/sniperHW/rpcgo/client.go:48.8,50.3 1 0
github.com/sniperHW/rpcgo/client.go:53.129,64.57 5 1
github.com/sniperHW/rpcgo/client.go:69.2,71.59 2 1
github.com/sniperHW/rpcgo/client.go:64.57,67.3 2 0
github.com/sniperHW/rpcgo/client.go:71.59,72.61 1 0
github.com/sniperHW/rpcgo/client.go:76.3,76.22 1 0
github.com/sniperHW/rpcgo/client.go:72.61,75.4 2 0
github.com/sniperHW/rpcgo/client.go:76.22,76.38 1 0
github.com/sniperHW/rpcgo/client.go:77.8,78.22 1 1
github.com/sniperHW/rpcgo/client.go:78.22,79.62 1 0
github.com/sniperHW/rpcgo/client.go:79.62,82.5 2 0
github.com/sniperHW/rpcgo/client.go:82.10,84.5 1 0
github.com/sniperHW/rpcgo/client.go:89.121,94.45 4 2
github.com/sniperHW/rpcgo/client.go:102.2,102.77 1 2
github.com/sniperHW/rpcgo/client.go:107.2,107.9 1 2
github.com/sniperHW/rpcgo/client.go:113.2,113.17 1 2
github.com/sniperHW/rpcgo/client.go:94.45,98.4 3 2
github.com/sniperHW/rpcgo/client.go:102.77,105.3 2 0
github.com/sniperHW/rpcgo/client.go:108.15,108.15 0 2
github.com/sniperHW/rpcgo/client.go:109.20,111.61 2 0
github.com/sniperHW/rpcgo/rpc.go:11.32,13.2 1 1
github.com/sniperHW/rpcgo/rpc.go:26.52,31.2 1 4
github.com/sniperHW/rpcgo/rpc.go:33.28,35.2 1 2
github.com/sniperHW/rpcgo/rpc.go:37.38,39.2 1 6
github.com/sniperHW/rpcgo/server.go:11.61,13.8 2 0
github.com/sniperHW/rpcgo/server.go:13.8,16.3 2 0
github.com/sniperHW/rpcgo/server.go:16.8,18.3 1 0
github.com/sniperHW/rpcgo/server.go:27.46,29.2 1 0
github.com/sniperHW/rpcgo/server.go:31.48,33.2 1 1
github.com/sniperHW/rpcgo/server.go:35.61,36.53 1 3
github.com/sniperHW/rpcgo/server.go:36.53,38.3 1 0
github.com/sniperHW/rpcgo/server.go:41.60,42.53 1 3
github.com/sniperHW/rpcgo/server.go:42.53,44.3 1 3
github.com/sniperHW/rpcgo/server.go:53.29,55.2 1 1
github.com/sniperHW/rpcgo/server.go:57.32,59.2 1 1
github.com/sniperHW/rpcgo/server.go:61.33,63.2 1 0
github.com/sniperHW/rpcgo/server.go:65.77,68.16 3 1
github.com/sniperHW/rpcgo/server.go:68.16,70.3 1 0
github.com/sniperHW/rpcgo/server.go:70.8,70.26 1 1
github.com/sniperHW/rpcgo/server.go:70.26,72.3 1 0
github.com/sniperHW/rpcgo/server.go:72.8,73.38 1 1
github.com/sniperHW/rpcgo/server.go:73.38,75.4 1 0
github.com/sniperHW/rpcgo/server.go:75.9,77.4 1 1
github.com/sniperHW/rpcgo/server.go:81.54,85.2 3 0
github.com/sniperHW/rpcgo/server.go:87.64,91.2 3 3
github.com/sniperHW/rpcgo/server.go:93.75,94.15 1 1
github.com/sniperHW/rpcgo/server.go:99.2,99.18 1 1
github.com/sniperHW/rpcgo/server.go:94.15,95.31 1 1
github.com/sniperHW/rpcgo/server.go:95.31,97.4 1 0
github.com/sniperHW/rpcgo/server.go:102.81,105.19 3 3
github.com/sniperHW/rpcgo/server.go:105.19,107.3 1 1
github.com/sniperHW/rpcgo/server.go:107.8,108.41 1 2
github.com/sniperHW/rpcgo/server.go:108.41,110.4 1 1
github.com/sniperHW/rpcgo/server.go:110.9,112.4 1 1
